<?xml version="1.0" encoding="UTF-8"?>
<!-- Generated by org.testng.reporters.JUnitReportReporter -->
<testsuite skipped="0" hostname="DESKTOP-08EKDQE" name="Test.TestEspnHome" tests="1" failures="0" timestamp="27 Sep 2017 20:17:06 GMT" time="29.362" errors="0">
  <testcase name="testBankHome" time="29.362" classname="Test.TestEspnHome"/>
</testsuite> <!-- Test.TestEspnHome -->
