<?xml version="1.0" encoding="UTF-8"?>
<!-- Generated by org.testng.reporters.JUnitReportReporter -->
<testsuite skipped="0" hostname="DESKTOP-08EKDQE" name="Test.TestEspnReportABug" tests="1" failures="0" timestamp="29 Sep 2017 01:14:11 GMT" time="4.925" errors="0">
  <testcase name="testBankHome" time="4.925" classname="Test.TestEspnReportABug"/>
</testsuite> <!-- Test.TestEspnReportABug -->
