<?xml version="1.0" encoding="UTF-8"?>
<!-- Generated by org.testng.reporters.JUnitReportReporter -->
<testsuite skipped="0" hostname="DESKTOP-08EKDQE" name="Test.TestAmazonLogin" tests="1" failures="0" timestamp="27 Sep 2017 20:13:18 GMT" time="5.062" errors="0">
  <testcase name="testLogin" time="5.062" classname="Test.TestAmazonLogin"/>
</testsuite> <!-- Test.TestAmazonLogin -->
