<?xml version="1.0" encoding="UTF-8"?>
<!-- Generated by org.testng.reporters.JUnitReportReporter -->
<testsuite skipped="0" hostname="DESKTOP-08EKDQE" name="Test.TestAmazonSignup" tests="1" failures="0" timestamp="29 Sep 2017 01:10:25 GMT" time="11.171" errors="0">
  <testcase name="testSignup" time="11.171" classname="Test.TestAmazonSignup"/>
</testsuite> <!-- Test.TestAmazonSignup -->
