<?xml version="1.0" encoding="UTF-8"?>
<!-- Generated by org.testng.reporters.JUnitReportReporter -->
<testsuite skipped="0" hostname="DESKTOP-08EKDQE" name="Test.TestAmazonLogin" tests="1" failures="0" timestamp="29 Sep 2017 01:10:25 GMT" time="4.945" errors="0">
  <testcase name="testLogin" time="4.945" classname="Test.TestAmazonLogin"/>
</testsuite> <!-- Test.TestAmazonLogin -->
