<?xml version="1.0" encoding="UTF-8"?>
<!-- Generated by org.testng.reporters.JUnitReportReporter -->
<testsuite skipped="0" hostname="DESKTOP-08EKDQE" name="Test.TestAmazonHomepage" tests="1" failures="0" timestamp="27 Sep 2017 20:58:28 GMT" time="22.387" errors="0">
  <testcase name="testHome" time="22.387" classname="Test.TestAmazonHomepage"/>
</testsuite> <!-- Test.TestAmazonHomepage -->
