<?xml version="1.0" encoding="UTF-8"?>
<!-- Generated by org.testng.reporters.JUnitReportReporter -->
<testsuite skipped="0" hostname="DESKTOP-08EKDQE" name="Test.TestAmazonHomepage" tests="1" failures="0" timestamp="29 Sep 2017 01:10:25 GMT" time="23.216" errors="0">
  <testcase name="testHome" time="23.216" classname="Test.TestAmazonHomepage"/>
</testsuite> <!-- Test.TestAmazonHomepage -->
