<?xml version="1.0" encoding="UTF-8"?>
<!-- Generated by org.testng.reporters.JUnitReportReporter -->
<testsuite skipped="0" hostname="DESKTOP-08EKDQE" name="Test.TestEbayLogin" tests="1" failures="0" timestamp="27 Sep 2017 20:14:41 GMT" time="8.375" errors="0">
  <testcase name="testLogin" time="8.375" classname="Test.TestEbayLogin"/>
</testsuite> <!-- Test.TestEbayLogin -->
