<?xml version="1.0" encoding="UTF-8"?>
<!-- Generated by org.testng.reporters.JUnitReportReporter -->
<testsuite skipped="0" hostname="DESKTOP-08EKDQE" name="Test.TestEbaySignup" tests="1" failures="0" timestamp="26 Sep 2017 05:48:05 GMT" time="11.802" errors="0">
  <testcase name="testSignup" time="11.802" classname="Test.TestEbaySignup"/>
</testsuite> <!-- Test.TestEbaySignup -->
