<?xml version="1.0" encoding="UTF-8"?>
<!-- Generated by org.testng.reporters.JUnitReportReporter -->
<testsuite skipped="0" hostname="DESKTOP-08EKDQE" name="Test.TestEbayHome" tests="1" failures="0" timestamp="27 Sep 2017 20:14:41 GMT" time="15.323" errors="0">
  <testcase name="testHome" time="15.323" classname="Test.TestEbayHome"/>
</testsuite> <!-- Test.TestEbayHome -->
