<?xml version="1.0" encoding="UTF-8"?>
<!-- Generated by org.testng.reporters.JUnitReportReporter -->
<testsuite skipped="0" hostname="DESKTOP-08EKDQE" name="Test.TestEbayLogin" tests="1" failures="0" timestamp="26 Sep 2017 05:48:05 GMT" time="7.847" errors="0">
  <testcase name="testLogin" time="7.847" classname="Test.TestEbayLogin"/>
</testsuite> <!-- Test.TestEbayLogin -->
