<?xml version="1.0" encoding="UTF-8"?>
<!-- Generated by org.testng.reporters.JUnitReportReporter -->
<testsuite skipped="0" hostname="DESKTOP-08EKDQE" name="BOATesting.TestBOALocator" tests="1" failures="0" timestamp="29 Sep 2017 01:13:26 GMT" time="10.713" errors="0">
  <testcase name="testBankHome" time="10.713" classname="BOATesting.TestBOALocator"/>
</testsuite> <!-- BOATesting.TestBOALocator -->
