<?xml version="1.0" encoding="UTF-8"?>
<!-- Generated by org.testng.reporters.JUnitReportReporter -->
<testsuite skipped="0" hostname="DESKTOP-08EKDQE" name="BOATesting.TestBOAHomeSearch" tests="1" failures="0" timestamp="27 Sep 2017 21:01:32 GMT" time="5.244" errors="0">
  <testcase name="testBankHome" time="5.244" classname="BOATesting.TestBOAHomeSearch"/>
</testsuite> <!-- BOATesting.TestBOAHomeSearch -->
