<?xml version="1.0" encoding="UTF-8"?>
<!-- Generated by org.testng.reporters.JUnitReportReporter -->
<testsuite skipped="0" hostname="DESKTOP-08EKDQE" name="BOATesting.TestBOALocator" tests="1" failures="0" timestamp="26 Sep 2017 10:16:28 GMT" time="12.657" errors="0">
  <testcase name="testBankHome" time="12.657" classname="BOATesting.TestBOALocator"/>
</testsuite> <!-- BOATesting.TestBOALocator -->
