<?xml version="1.0" encoding="UTF-8"?>
<!-- Generated by org.testng.reporters.JUnitReportReporter -->
<testsuite skipped="0" hostname="DESKTOP-08EKDQE" name="BOATesting.TestBOALocator" tests="1" failures="0" timestamp="27 Sep 2017 21:01:32 GMT" time="15.893" errors="0">
  <testcase name="testBankHome" time="15.893" classname="BOATesting.TestBOALocator"/>
</testsuite> <!-- BOATesting.TestBOALocator -->
