<?xml version="1.0" encoding="UTF-8"?>
<!-- Generated by org.testng.reporters.JUnitReportReporter -->
<testsuite skipped="0" hostname="DESKTOP-08EKDQE" name="BOATesting.TestBOAHome" tests="1" failures="0" timestamp="26 Sep 2017 10:16:28 GMT" time="14.255" errors="0">
  <testcase name="testBankHome" time="14.255" classname="BOATesting.TestBOAHome"/>
</testsuite> <!-- BOATesting.TestBOAHome -->
