<?xml version="1.0" encoding="UTF-8"?>
<!-- Generated by org.testng.reporters.JUnitReportReporter -->
<testsuite skipped="0" hostname="DESKTOP-08EKDQE" name="BOATesting.TestBOAHome" tests="1" failures="0" timestamp="27 Sep 2017 20:16:14 GMT" time="14.141" errors="0">
  <testcase name="testBankHome" time="14.141" classname="BOATesting.TestBOAHome"/>
</testsuite> <!-- BOATesting.TestBOAHome -->
