<?xml version="1.0" encoding="UTF-8"?>
<!-- Generated by org.testng.reporters.JUnitReportReporter -->
<testsuite skipped="0" hostname="DESKTOP-08EKDQE" name="BOATesting.TestBOAHome" tests="1" failures="0" timestamp="29 Sep 2017 01:13:26 GMT" time="14.164" errors="0">
  <testcase name="testBankHome" time="14.164" classname="BOATesting.TestBOAHome"/>
</testsuite> <!-- BOATesting.TestBOAHome -->
