<?xml version="1.0" encoding="UTF-8"?>
<!-- Generated by org.testng.reporters.JUnitReportReporter -->
<testsuite skipped="0" hostname="DESKTOP-08EKDQE" name="TestTwitter.TestTwittLogin" tests="1" failures="0" timestamp="26 Sep 2017 07:40:04 GMT" time="10.043" errors="0">
  <testcase name="testLogin" time="10.043" classname="TestTwitter.TestTwittLogin"/>
</testsuite> <!-- TestTwitter.TestTwittLogin -->
