<?xml version="1.0" encoding="UTF-8"?>
<!-- Generated by org.testng.reporters.JUnitReportReporter -->
<testsuite skipped="0" hostname="DESKTOP-08EKDQE" name="TestTwitter.TestTwittReg" tests="1" failures="0" timestamp="27 Sep 2017 20:15:34 GMT" time="7.180" errors="0">
  <testcase name="testSignup" time="7.180" classname="TestTwitter.TestTwittReg"/>
</testsuite> <!-- TestTwitter.TestTwittReg -->
