<?xml version="1.0" encoding="UTF-8"?>
<!-- Generated by org.testng.reporters.JUnitReportReporter -->
<testsuite skipped="0" hostname="DESKTOP-08EKDQE" name="TestTwitter.TestTwittHome" tests="1" failures="0" timestamp="27 Sep 2017 21:00:46 GMT" time="24.966" errors="0">
  <testcase name="testHome" time="24.966" classname="TestTwitter.TestTwittHome"/>
</testsuite> <!-- TestTwitter.TestTwittHome -->
