<?xml version="1.0" encoding="UTF-8"?>
<!-- Generated by org.testng.reporters.JUnitReportReporter -->
<testsuite skipped="0" hostname="DESKTOP-08EKDQE" name="TestTwitter.TestTwittHome" tests="1" failures="0" timestamp="29 Sep 2017 01:12:47 GMT" time="24.638" errors="0">
  <testcase name="testHome" time="24.638" classname="TestTwitter.TestTwittHome"/>
</testsuite> <!-- TestTwitter.TestTwittHome -->
