<?xml version="1.0" encoding="UTF-8"?>
<!-- Generated by org.testng.reporters.JUnitReportReporter -->
<testsuite skipped="0" hostname="DESKTOP-08EKDQE" name="TestTwitter.TestTwittLogin" tests="1" failures="0" timestamp="27 Sep 2017 20:15:34 GMT" time="10.846" errors="0">
  <testcase name="testLogin" time="10.846" classname="TestTwitter.TestTwittLogin"/>
</testsuite> <!-- TestTwitter.TestTwittLogin -->
