<?xml version="1.0" encoding="UTF-8"?>
<!-- Generated by org.testng.reporters.JUnitReportReporter -->
<testsuite skipped="0" hostname="DESKTOP-08EKDQE" name="TestTwitter.TestTwittReg" tests="1" failures="0" timestamp="26 Sep 2017 07:40:04 GMT" time="6.894" errors="0">
  <testcase name="testSignup" time="6.894" classname="TestTwitter.TestTwittReg"/>
</testsuite> <!-- TestTwitter.TestTwittReg -->
