<?xml version="1.0" encoding="UTF-8"?>
<!-- Generated by org.testng.reporters.JUnitReportReporter -->
<testsuite skipped="0" hostname="DESKTOP-08EKDQE" name="Test.TestAMHome" tests="1" failures="0" timestamp="29 Sep 2017 01:15:51 GMT" time="72.953" errors="0">
  <testcase name="testAMHome" time="72.953" classname="Test.TestAMHome"/>
</testsuite> <!-- Test.TestAMHome -->
