<?xml version="1.0" encoding="UTF-8"?>
<!-- Generated by org.testng.reporters.JUnitReportReporter -->
<testsuite skipped="0" hostname="DESKTOP-08EKDQE" name="Test.TestAMHome" tests="1" failures="0" timestamp="27 Sep 2017 21:03:17 GMT" time="47.675" errors="0">
  <testcase name="testAMHome" time="47.675" classname="Test.TestAMHome"/>
</testsuite> <!-- Test.TestAMHome -->
