<?xml version="1.0" encoding="UTF-8"?>
<!-- Generated by org.testng.reporters.JUnitReportReporter -->
<testsuite skipped="0" hostname="DESKTOP-08EKDQE" name="Test.TestAMHome" tests="1" failures="0" timestamp="27 Sep 2017 20:18:15 GMT" time="59.260" errors="0">
  <testcase name="testAMHome" time="59.260" classname="Test.TestAMHome"/>
</testsuite> <!-- Test.TestAMHome -->
