<?xml version="1.0" encoding="UTF-8"?>
<!-- Generated by org.testng.reporters.JUnitReportReporter -->
<testsuite skipped="0" hostname="DESKTOP-08EKDQE" name="TestFB.TestFBBrowseCelebs" tests="1" failures="0" timestamp="29 Sep 2017 01:20:07 GMT" time="9.470" errors="0">
  <testcase name="testBrowseCelebs" time="9.470" classname="TestFB.TestFBBrowseCelebs"/>
</testsuite> <!-- TestFB.TestFBBrowseCelebs -->
