<?xml version="1.0" encoding="UTF-8"?>
<!-- Generated by org.testng.reporters.JUnitReportReporter -->
<testsuite skipped="0" hostname="DESKTOP-08EKDQE" name="TestFB.TestFBBase" tests="1" failures="0" timestamp="27 Sep 2017 19:51:42 GMT" time="13.173" errors="0">
  <testcase name="testHome" time="13.173" classname="TestFB.TestFBBase"/>
</testsuite> <!-- TestFB.TestFBBase -->
