<?xml version="1.0" encoding="UTF-8"?>
<!-- Generated by org.testng.reporters.JUnitReportReporter -->
<testsuite skipped="1" hostname="DESKTOP-08EKDQE" name="TestFB.TestBrowseCelebs" tests="1" failures="0" timestamp="17 Sep 2017 13:46:17 GMT" time="0.000" errors="0">
  <testcase name="testBrowseCelebs" time="0.000" classname="TestFB.TestBrowseCelebs">
    <skipped/>
  </testcase> <!-- testBrowseCelebs -->
</testsuite> <!-- TestFB.TestBrowseCelebs -->
