<?xml version="1.0" encoding="UTF-8"?>
<!-- Generated by org.testng.reporters.JUnitReportReporter -->
<testsuite skipped="0" hostname="DESKTOP-08EKDQE" name="TestFB.TestFBLogin" tests="1" failures="0" timestamp="26 Sep 2017 06:08:29 GMT" time="7.775" errors="0">
  <testcase name="testLogin" time="7.775" classname="TestFB.TestFBLogin"/>
</testsuite> <!-- TestFB.TestFBLogin -->
