<?xml version="1.0" encoding="UTF-8"?>
<!-- Generated by org.testng.reporters.JUnitReportReporter -->
<testsuite skipped="0" hostname="DESKTOP-08EKDQE" name="TestFB.TestFBBrowseCelebs" tests="1" failures="0" timestamp="27 Sep 2017 20:57:38 GMT" time="8.795" errors="0">
  <testcase name="testBrowseCelebs" time="8.795" classname="TestFB.TestFBBrowseCelebs"/>
</testsuite> <!-- TestFB.TestFBBrowseCelebs -->
