<?xml version="1.0" encoding="UTF-8"?>
<!-- Generated by org.testng.reporters.JUnitReportReporter -->
<testsuite skipped="0" hostname="DESKTOP-08EKDQE" name="TestFB.TestFBHomepage" tests="1" failures="0" timestamp="27 Sep 2017 20:12:30 GMT" time="75.518" errors="0">
  <testcase name="testHome" time="75.518" classname="TestFB.TestFBHomepage"/>
</testsuite> <!-- TestFB.TestFBHomepage -->
