<?xml version="1.0" encoding="UTF-8"?>
<!-- Generated by org.testng.reporters.JUnitReportReporter -->
<testsuite skipped="0" hostname="DESKTOP-08EKDQE" name="TestFB.TestFBSignup" tests="1" failures="0" timestamp="26 Sep 2017 06:08:29 GMT" time="9.920" errors="0">
  <testcase name="testSignup" time="9.920" classname="TestFB.TestFBSignup"/>
</testsuite> <!-- TestFB.TestFBSignup -->
