<?xml version="1.0" encoding="UTF-8"?>
<!-- Generated by org.testng.reporters.JUnitReportReporter -->
<testsuite skipped="0" hostname="DESKTOP-08EKDQE" name="TestFB.TestFBLogin" tests="1" failures="0" timestamp="29 Sep 2017 01:20:07 GMT" time="6.958" errors="0">
  <testcase name="testLogin" time="6.958" classname="TestFB.TestFBLogin"/>
</testsuite> <!-- TestFB.TestFBLogin -->
