<?xml version="1.0" encoding="UTF-8"?>
<!-- Generated by org.testng.reporters.JUnitReportReporter -->
<testsuite skipped="0" hostname="DESKTOP-08EKDQE" name="TestFB.TestFBSignUp" tests="1" failures="0" timestamp="29 Sep 2017 01:20:07 GMT" time="10.145" errors="0">
  <testcase name="testSignUp" time="10.145" classname="TestFB.TestFBSignUp"/>
</testsuite> <!-- TestFB.TestFBSignUp -->
