<?xml version="1.0" encoding="UTF-8"?>
<!-- Generated by org.testng.reporters.JUnitReportReporter -->
<testsuite skipped="0" hostname="DESKTOP-08EKDQE" name="TestIG.TestIGAboutUs" tests="1" failures="0" timestamp="26 Sep 2017 05:50:02 GMT" time="8.892" errors="0">
  <testcase name="testDataPolicy" time="8.892" classname="TestIG.TestIGAboutUs"/>
</testsuite> <!-- TestIG.TestIGAboutUs -->
