<?xml version="1.0" encoding="UTF-8"?>
<!-- Generated by org.testng.reporters.JUnitReportReporter -->
<testsuite skipped="1" hostname="DESKTOP-08EKDQE" name="TestIG.TestIGAboutUs" tests="1" failures="0" timestamp="17 Sep 2017 13:45:53 GMT" time="0.000" errors="0">
  <testcase name="testDataPolicy" time="0.000" classname="TestIG.TestIGAboutUs">
    <skipped/>
  </testcase> <!-- testDataPolicy -->
</testsuite> <!-- TestIG.TestIGAboutUs -->
