<?xml version="1.0" encoding="UTF-8"?>
<!-- Generated by org.testng.reporters.JUnitReportReporter -->
<testsuite skipped="0" hostname="DESKTOP-08EKDQE" name="TestIG.TestIGAboutUs" tests="1" failures="0" timestamp="29 Sep 2017 01:11:07 GMT" time="9.392" errors="0">
  <testcase name="testDataPolicy" time="9.392" classname="TestIG.TestIGAboutUs"/>
</testsuite> <!-- TestIG.TestIGAboutUs -->
