<?xml version="1.0" encoding="UTF-8"?>
<!-- Generated by org.testng.reporters.JUnitReportReporter -->
<testsuite skipped="0" hostname="DESKTOP-08EKDQE" name="TestIG.TestIGSignup" tests="1" failures="0" timestamp="26 Sep 2017 05:50:02 GMT" time="10.807" errors="0">
  <testcase name="testSignup" time="10.807" classname="TestIG.TestIGSignup"/>
</testsuite> <!-- TestIG.TestIGSignup -->
