<?xml version="1.0" encoding="UTF-8"?>
<!-- Generated by org.testng.reporters.JUnitReportReporter -->
<testsuite skipped="0" hostname="DESKTOP-08EKDQE" name="TestIG.TestIGHomepage" tests="1" failures="0" timestamp="26 Sep 2017 05:50:02 GMT" time="8.806" errors="0">
  <testcase name="testHome" time="8.806" classname="TestIG.TestIGHomepage"/>
</testsuite> <!-- TestIG.TestIGHomepage -->
